<?xml version="1.0" encoding="UTF-8"?>
<!-- Generated by org.testng.reporters.JUnitXMLReporter -->
<testsuite ignored="1" hostname="DESKTOP-JMEHCJO" failures="0" tests="3" name="test2" time="24.962" errors="0" timestamp="2023-05-24T09:39:57 IST">
  <testcase classname="TestNG_Anotation.GoogleSearchTestCase" name="search1" time="0.621"/>
  <testcase classname="TestNG_Anotation.GoogleSearchTestCase" name="search2" time="0.562"/>
  <testcase classname="TestNG_Anotation.GoogleSearchTestCase" name="search3" time="0.619"/>
  <testcase classname="TestNG_Anotation.BaseTest" name="@BeforeTest propertyMethod" time="0.0">
    <ignored/>
  </testcase> <!-- @BeforeTest propertyMethod -->
</testsuite> <!-- test2 -->
