<?xml version="1.0" encoding="UTF-8"?>
<!-- Generated by org.testng.reporters.JUnitXMLReporter -->
<testsuite ignored="0" hostname="DESKTOP-JMEHCJO" failures="0" tests="7" name="Test" time="0.202" errors="0" timestamp="2023-05-23T09:56:53 IST">
  <testcase classname="TestNGpackage.demoTest1" name="g" time="0.022"/>
  <testcase classname="TestNGpackage.demoTest1" name="h" time="0.008"/>
  <testcase classname="TestNGpackage.demoTest1" name="i" time="0.008"/>
  <testcase classname="TestNGpackage.demoTest3" name="j" time="0.004"/>
  <testcase classname="TestNGpackage.demoTest3" name="k" time="0.005"/>
  <testcase classname="TestNGpackage.demoTest2" name="a" time="0.004"/>
  <testcase classname="TestNGpackage.demoTest2" name="b" time="0.005"/>
</testsuite> <!-- Test -->
