<?xml version="1.0" encoding="UTF-8"?>
<testng-results ignored="0" total="2" passed="2" failed="0" skipped="0">
  <reporter-output>
  </reporter-output>
  <suite started-at="2023-05-26T00:29:33 IST" name="Suite" finished-at="2023-05-26T00:29:52 IST" duration-ms="18544">
    <groups>
    </groups>
    <test started-at="2023-05-26T00:29:33 IST" name="chrome" finished-at="2023-05-26T00:29:40 IST" duration-ms="6994">
      <class name="testNGexecution.SelectBrowser">
        <test-method signature="method1(java.lang.String,java.lang.String,java.lang.String,java.lang.String)[pri:0, instance:testNGexecution.SelectBrowser@62230c58]" started-at="2023-05-26T00:29:33 IST" name="method1" finished-at="2023-05-26T00:29:40 IST" duration-ms="6895" status="PASS">
          <params>
            <param index="0">
              <value>
                <![CDATA[chrome]]>
              </value>
            </param>
            <param index="1">
              <value>
                <![CDATA[http://desktop-jmehcjo/login.do]]>
              </value>
            </param>
            <param index="2">
              <value>
                <![CDATA[admin]]>
              </value>
            </param>
            <param index="3">
              <value>
                <![CDATA[manager]]>
              </value>
            </param>
          </params>
          <reporter-output>
          </reporter-output>
        </test-method> <!-- method1 -->
      </class> <!-- testNGexecution.SelectBrowser -->
    </test> <!-- chrome -->
    <test started-at="2023-05-26T00:29:40 IST" name="Firefox" finished-at="2023-05-26T00:29:52 IST" duration-ms="11404">
      <class name="testNGexecution.SelectBrowser">
        <test-method signature="method1(java.lang.String,java.lang.String,java.lang.String,java.lang.String)[pri:0, instance:testNGexecution.SelectBrowser@662b4c69]" started-at="2023-05-26T00:29:40 IST" name="method1" finished-at="2023-05-26T00:29:52 IST" duration-ms="11398" status="PASS">
          <params>
            <param index="0">
              <value>
                <![CDATA[Firefox]]>
              </value>
            </param>
            <param index="1">
              <value>
                <![CDATA[http://desktop-jmehcjo/login.do]]>
              </value>
            </param>
            <param index="2">
              <value>
                <![CDATA[admin]]>
              </value>
            </param>
            <param index="3">
              <value>
                <![CDATA[manager]]>
              </value>
            </param>
          </params>
          <reporter-output>
          </reporter-output>
        </test-method> <!-- method1 -->
      </class> <!-- testNGexecution.SelectBrowser -->
    </test> <!-- Firefox -->
  </suite> <!-- Suite -->
</testng-results>
